<?xml version="1.0" encoding="UTF-8"?>
<testng-results ignored="0" total="1" passed="1" failed="0" skipped="0">
  <reporter-output>
  </reporter-output>
  <suite started-at="2020-11-13T11:03:50 GMT" name="Default suite" finished-at="2020-11-13T11:04:10 GMT" duration-ms="20317">
    <groups>
    </groups>
    <test started-at="2020-11-13T11:03:50 GMT" name="Default test" finished-at="2020-11-13T11:04:10 GMT" duration-ms="20317">
      <class name="eCommerceProject.Test.Guru99eComTest5">
        <test-method is-config="true" signature="getExtentReports()[pri:0, instance:eCommerceProject.Test.Guru99eComTest5@10959ece]" started-at="2020-11-13T11:03:49 GMT" name="getExtentReports" finished-at="2020-11-13T11:03:50 GMT" duration-ms="216" status="PASS">
          <reporter-output>
          </reporter-output>
        </test-method> <!-- getExtentReports -->
        <test-method is-config="true" signature="launchBrowser()[pri:0, instance:eCommerceProject.Test.Guru99eComTest5@10959ece]" started-at="2020-11-13T11:03:50 GMT" name="launchBrowser" finished-at="2020-11-13T11:04:03 GMT" duration-ms="12859" status="PASS">
          <reporter-output>
          </reporter-output>
        </test-method> <!-- launchBrowser -->
        <test-method signature="MobileMenu()[pri:1, instance:eCommerceProject.Test.Guru99eComTest5@10959ece]" started-at="2020-11-13T11:04:03 GMT" name="MobileMenu" finished-at="2020-11-13T11:04:09 GMT" duration-ms="6612" status="PASS">
          <reporter-output>
          </reporter-output>
        </test-method> <!-- MobileMenu -->
        <test-method is-config="true" signature="getResult(org.testng.ITestResult)[pri:0, instance:eCommerceProject.Test.Guru99eComTest5@10959ece]" started-at="2020-11-13T11:04:09 GMT" name="getResult" finished-at="2020-11-13T11:04:09 GMT" duration-ms="4" status="PASS">
          <params>
            <param index="0">
              <value>
                <![CDATA[[TestResult name=MobileMenu status=SUCCESS method=Guru99eComTest5.MobileMenu()[pri:1, instance:eCommerceProject.Test.Guru99eComTest5@10959ece] output={null}]]]>
              </value>
            </param>
          </params>
          <reporter-output>
          </reporter-output>
        </test-method> <!-- getResult -->
        <test-method is-config="true" signature="CloseBrowser()[pri:0, instance:eCommerceProject.Test.Guru99eComTest5@10959ece]" started-at="2020-11-13T11:04:09 GMT" name="CloseBrowser" finished-at="2020-11-13T11:04:10 GMT" duration-ms="800" status="PASS">
          <reporter-output>
          </reporter-output>
        </test-method> <!-- CloseBrowser -->
        <test-method is-config="true" signature="tearDown()[pri:0, instance:eCommerceProject.Test.Guru99eComTest5@10959ece]" started-at="2020-11-13T11:04:10 GMT" name="tearDown" finished-at="2020-11-13T11:04:10 GMT" duration-ms="366" status="PASS">
          <reporter-output>
          </reporter-output>
        </test-method> <!-- tearDown -->
      </class> <!-- eCommerceProject.Test.Guru99eComTest5 -->
    </test> <!-- Default test -->
  </suite> <!-- Default suite -->
</testng-results>
